<?xml version="1.0" encoding="UTF-8"?>
<!-- Generated by org.testng.reporters.JUnitXMLReporter -->
<testsuite hostname="DESKTOP-JIEC2LI" ignored="0" name="Default test" tests="2" failures="0" timestamp="05 Mar 2020 07:03:32 GMT" time="40.174" errors="0">
  <testcase name="validateselectContactsByName" time="0.09" classname="com.crm.tests.ContactsPageTest"/>
  <testcase name="validateselectContactsTest" time="0.087" classname="com.crm.tests.ContactsPageTest"/>
</testsuite> <!-- Default test -->
