<?xml version="1.0" encoding="UTF-8"?>
<!-- Generated by org.testng.reporters.JUnitXMLReporter -->
<testsuite hostname="DESKTOP-JIEC2LI" ignored="0" name="Test" tests="11" failures="0" timestamp="04 Mar 2020 02:05:15 GMT" time="217.008" errors="0">
  <testcase name="loginPageTitleTest" time="0.01" classname="com.crm.tests.LoginPageTest"/>
  <testcase name="crmLogoImageTest" time="0.071" classname="com.crm.tests.LoginPageTest"/>
  <testcase name="loginTest" time="4.674" classname="com.crm.tests.LoginPageTest"/>
  <testcase name="featurePageTest" time="1.149" classname="com.crm.tests.LoginPageTest"/>
  <testcase name="verifyHomePageTitleTest" time="0.008" classname="com.crm.tests.HomePageTest"/>
  <testcase name="verifyContactsLinkTest" time="1.323" classname="com.crm.tests.HomePageTest"/>
  <testcase name="verifyDealsLinkTest" time="1.175" classname="com.crm.tests.HomePageTest"/>
  <testcase name="verifyContactsLabelTest" time="0.023" classname="com.crm.tests.ContactsPageTest"/>
  <testcase name="verifycontactsClickTest" time="1.306" classname="com.crm.tests.ContactsPageTest"/>
  <testcase name="verifyContactNameTest" time="0.024" classname="com.crm.tests.ContactsPageTest"/>
  <testcase name="verifyNewContactclickTest" time="1.971" classname="com.crm.tests.ContactsPageTest"/>
</testsuite> <!-- Test -->
